<?xml version="1.0" encoding="UTF-8"?>
<!-- Generated by org.testng.reporters.JUnitXMLReporter -->
<testsuite ignored="0" hostname="MAEI-ITL086" failures="0" tests="2" name="Login Page Test" time="0.061" errors="0" timestamp="2024-02-20T15:22:05 IST">
  <testcase classname="Base.BaseTest" name="@BeforeTest setup" time="-1.708422725756E9">
    <failure type="org.testng.TestNGException" message="
Parameter &amp;apos;browsers&amp;apos; is required by BeforeTest on method setup but has not been marked @Optional or defined
in C:\Users\prashikha.ravindra\iotgradle-framework\src\test\resources\testrunner\testng.xml">
      <![CDATA[org.testng.TestNGException: 
Parameter 'browsers' is required by BeforeTest on method setup but has not been marked @Optional or defined
in C:\Users\prashikha.ravindra\iotgradle-framework\src\test\resources\testrunner\testng.xml
at java.base/java.util.concurrent.FutureTask.run(FutureTask.java:317)
at java.base/java.util.concurrent.ThreadPoolExecutor.runWorker(ThreadPoolExecutor.java:1144)
at java.base/java.util.concurrent.ThreadPoolExecutor$Worker.run(ThreadPoolExecutor.java:642)
at java.base/java.lang.Thread.run(Thread.java:1583)
... Removed 11 stack frames]]>
    </failure>
  </testcase> <!-- @BeforeTest setup -->
  <testcase classname="Base.BaseTest" name="@AfterTest tearDown" time="0.0">
    <skipped/>
  </testcase> <!-- @AfterTest tearDown -->
  <testcase classname="mytest.LoginPageTest" name="LoginPageLogoTest" time="0.001">
    <skipped/>
  </testcase> <!-- LoginPageLogoTest -->
  <testcase classname="mytest.LoginPageTest" name="LoginPageTitleTest" time="0.0">
    <skipped/>
  </testcase> <!-- LoginPageTitleTest -->
</testsuite> <!-- Login Page Test -->
